Unity Editor version:    2021.3.18f1 (3129e69bc0c7)
Branch:                  2021.3/staging
Build type:              Release
Batch mode:              YES
macOS version:           Version 10.15.7 (Build 19H2026)
Darwin version:          19.6.0
Architecture:            x86_64
Running under Rosetta:   NO
Available memory:        16384 MB
Using pre-set license
Pro License: YES

COMMAND LINE ARGUMENTS:
/Applications/Unity/Hub/Editor/2021.3.18f1/Unity.app/Contents/MacOS/Unity
-adb2
-batchMode
-noUpm
-name
AssetImportWorker1
-projectPath
/Users/kenkobayashi/Documents/GitHub/MTEC-421/BatonSynth
-logFile
Logs/AssetImportWorker1.log
-srvPort
57957
Successfully changed project path to: /Users/kenkobayashi/Documents/GitHub/MTEC-421/BatonSynth
/Users/kenkobayashi/Documents/GitHub/MTEC-421/BatonSynth
[UnityMemory] Configuration Parameters - Can be set up in boot.config
    "memorysetup-bucket-allocator-granularity=16"
    "memorysetup-bucket-allocator-bucket-count=8"
    "memorysetup-bucket-allocator-block-size=33554432"
    "memorysetup-bucket-allocator-block-count=8"
    "memorysetup-main-allocator-block-size=16777216"
    "memorysetup-thread-allocator-block-size=16777216"
    "memorysetup-gfx-main-allocator-block-size=16777216"
    "memorysetup-gfx-thread-allocator-block-size=16777216"
    "memorysetup-cache-allocator-block-size=4194304"
    "memorysetup-typetree-allocator-block-size=2097152"
    "memorysetup-profiler-bucket-allocator-granularity=16"
    "memorysetup-profiler-bucket-allocator-bucket-count=8"
    "memorysetup-profiler-bucket-allocator-block-size=33554432"
    "memorysetup-profiler-bucket-allocator-block-count=8"
    "memorysetup-profiler-allocator-block-size=16777216"
    "memorysetup-profiler-editor-allocator-block-size=1048576"
    "memorysetup-temp-allocator-size-main=16777216"
    "memorysetup-job-temp-allocator-block-size=2097152"
    "memorysetup-job-temp-allocator-block-size-background=1048576"
    "memorysetup-job-temp-allocator-reduction-small-platforms=262144"
    "memorysetup-temp-allocator-size-background-worker=32768"
    "memorysetup-temp-allocator-size-job-worker=262144"
    "memorysetup-temp-allocator-size-preload-manager=33554432"
    "memorysetup-temp-allocator-size-nav-mesh-worker=65536"
    "memorysetup-temp-allocator-size-audio-worker=65536"
    "memorysetup-temp-allocator-size-cloud-worker=32768"
    "memorysetup-temp-allocator-size-gi-baking-worker=262144"
    "memorysetup-temp-allocator-size-gfx=262144"
Player connection [4800277952] Host "[IP] 172.31.232.173 [Port] 0 [Flags] 2 [Guid] 3433013164 [EditorId] 3433013164 [Version] 1048832 [Id] OSXEditor(0,Kens-MacBook-Pro.local) [Debug] 1 [PackageName] OSXEditor [ProjectName] Editor" joined multi-casting on [225.0.0.222:54997]...

Player connection [4800277952] Host "[IP] 172.31.232.173 [Port] 0 [Flags] 2 [Guid] 3433013164 [EditorId] 3433013164 [Version] 1048832 [Id] OSXEditor(0,Kens-MacBook-Pro.local) [Debug] 1 [PackageName] OSXEditor [ProjectName] Editor" joined alternative multi-casting on [225.0.0.222:34997]...

Refreshing native plugins compatible for Editor in 93.20 ms, found 2 plugins.
Preloading 0 native plugins for Editor in 0.00 ms.
Initialize engine version: 2021.3.18f1 (3129e69bc0c7)
[Subsystems] Discovering subsystems at path /Applications/Unity/Hub/Editor/2021.3.18f1/Unity.app/Contents/Resources/UnitySubsystems
[Subsystems] Discovering subsystems at path /Users/kenkobayashi/Documents/GitHub/MTEC-421/BatonSynth/Assets
GfxDevice: creating device client; threaded=0; jobified=0
Color LCD preferred device: Intel(R) Iris(TM) Plus Graphics (low power)
Metal devices available: 1
0: Intel(R) Iris(TM) Plus Graphics (low power)
Using device Intel(R) Iris(TM) Plus Graphics (low power)
Initializing Metal device caps: Intel(R) Iris(TM) Plus Graphics
Initialize mono
Mono path[0] = '/Applications/Unity/Hub/Editor/2021.3.18f1/Unity.app/Contents/Managed'
Mono path[1] = '/Applications/Unity/Hub/Editor/2021.3.18f1/Unity.app/Contents/MonoBleedingEdge/lib/mono/unityjit-macos'
Mono config path = '/Applications/Unity/Hub/Editor/2021.3.18f1/Unity.app/Contents/MonoBleedingEdge/etc'
Using monoOptions --debugger-agent=transport=dt_socket,embedding=1,server=y,suspend=n,address=127.0.0.1:56091
Begin MonoManager ReloadAssembly
Registering precompiled unity dll's ...
Register platform support module: /Applications/Unity/Hub/Editor/2021.3.18f1/Unity.app/Contents/PlaybackEngines/MacStandaloneSupport/UnityEditor.OSXStandalone.Extensions.dll
Register platform support module: /Applications/Unity/Hub/Editor/2021.3.18f1/PlaybackEngines/AndroidPlayer/UnityEditor.Android.Extensions.dll
Registered in 0.003210 seconds.
Native extension for Android target not found
Android Extension - Scanning For ADB Devices 305 ms
Native extension for OSXStandalone target not found
Refreshing native plugins compatible for Editor in 88.88 ms, found 2 plugins.
Preloading 0 native plugins for Editor in 0.00 ms.
Mono: successfully reloaded assembly
- Completed reload, in  1.318 seconds
Domain Reload Profiling:
	ReloadAssembly (1319ms)
		BeginReloadAssembly (164ms)
			ExecutionOrderSort (0ms)
			DisableScriptedObjects (0ms)
			BackupInstance (0ms)
			ReleaseScriptingObjects (0ms)
			CreateAndSetChildDomain (1ms)
		EndReloadAssembly (981ms)
			LoadAssemblies (167ms)
			RebuildTransferFunctionScriptingTraits (0ms)
			SetupTypeCache (187ms)
			ReleaseScriptCaches (0ms)
			RebuildScriptCaches (42ms)
			SetupLoadedEditorAssemblies (684ms)
				LogAssemblyErrors (0ms)
				InitializePlatformSupportModulesInManaged (412ms)
				SetLoadedEditorAssemblies (0ms)
				RefreshPlugins (89ms)
				BeforeProcessingInitializeOnLoad (1ms)
				ProcessInitializeOnLoadAttributes (119ms)
				ProcessInitializeOnLoadMethodAttributes (61ms)
				AfterProcessingInitializeOnLoad (0ms)
				EditorAssembliesLoaded (0ms)
			ExecutionOrderSort2 (0ms)
			AwakeInstancesAfterBackupRestoration (0ms)
Platform modules already initialized, skipping
Registering precompiled user dll's ...
Registered in 0.002221 seconds.
Begin MonoManager ReloadAssembly
Symbol file LoadedFromMemory doesn't match image /Users/kenkobayashi/Documents/GitHub/MTEC-421/BatonSynth/Library/PackageCache/com.unity.visualscripting@1.8.0/Editor/VisualScripting.Core/Dependencies/YamlDotNet/Unity.VisualScripting.YamlDotNet.dll
Symbol file LoadedFromMemory doesn't match image /Users/kenkobayashi/Documents/GitHub/MTEC-421/BatonSynth/Library/PackageCache/com.unity.visualscripting@1.8.0/Editor/VisualScripting.Core/Dependencies/DotNetZip/Unity.VisualScripting.IonicZip.dll
Native extension for Android target not found
Native extension for OSXStandalone target not found
Refreshing native plugins compatible for Editor in 0.55 ms, found 2 plugins.
Preloading 0 native plugins for Editor in 0.00 ms.
Mono: successfully reloaded assembly
- Completed reload, in  1.447 seconds
Domain Reload Profiling:
	ReloadAssembly (1448ms)
		BeginReloadAssembly (143ms)
			ExecutionOrderSort (0ms)
			DisableScriptedObjects (8ms)
			BackupInstance (0ms)
			ReleaseScriptingObjects (0ms)
			CreateAndSetChildDomain (44ms)
		EndReloadAssembly (1138ms)
			LoadAssemblies (157ms)
			RebuildTransferFunctionScriptingTraits (0ms)
			SetupTypeCache (409ms)
			ReleaseScriptCaches (1ms)
			RebuildScriptCaches (78ms)
			SetupLoadedEditorAssemblies (408ms)
				LogAssemblyErrors (0ms)
				InitializePlatformSupportModulesInManaged (21ms)
				SetLoadedEditorAssemblies (1ms)
				RefreshPlugins (1ms)
				BeforeProcessingInitializeOnLoad (81ms)
				ProcessInitializeOnLoadAttributes (279ms)
				ProcessInitializeOnLoadMethodAttributes (24ms)
				AfterProcessingInitializeOnLoad (2ms)
				EditorAssembliesLoaded (0ms)
			ExecutionOrderSort2 (0ms)
			AwakeInstancesAfterBackupRestoration (4ms)
Platform modules already initialized, skipping
========================================================================
Worker process is ready to serve import requests
Launching external process: /Applications/Unity/Hub/Editor/2021.3.18f1/Unity.app/Contents/Tools/UnityShaderCompiler
Launched and connected shader compiler UnityShaderCompiler after 0.03 seconds
Refreshing native plugins compatible for Editor in 0.57 ms, found 2 plugins.
Preloading 0 native plugins for Editor in 0.00 ms.
Unloading 3310 Unused Serialized files (Serialized files now loaded: 0)
Unloading 24 unused Assets / (89.1 KB). Loaded Objects now: 3775.
Memory consumption went from 112.9 MB to 112.8 MB.
Total: 3.840320 ms (FindLiveObjects: 0.298449 ms CreateObjectMapping: 0.135007 ms MarkObjects: 3.213114 ms  DeleteObjects: 0.192241 ms)

AssetImportParameters requested are different than current active one (requested -> active):
  custom:video-decoder-ogg-theora: a1e56fd34408186e4bbccfd4996cb3dc -> 
  custom:container-muxer-webm: aa71ff27fc2769a1b78a27578f13a17b -> 
  custom:container-demuxer-webm: 4f35f7cbe854078d1ac9338744f61a02 -> 
  custom:video-encoder-webm-vp8: eb34c28f22e8b96e1ab97ce403110664 -> 
  custom:framework-osx-AVFoundation: b23960f63f64bdc6ff669e2cdcee2391 -> 
  custom:audio-encoder-webm-vorbis: bf7c407c2cedff20999df2af8eb42d56 -> 
  custom:container-demuxer-ogg: 62fdf1f143b41e24485cea50d1cbac27 -> 
  custom:video-decoder-webm-vp8: 9c59270c3fd7afecdb556c50c9e8de78 -> 
  custom:audio-decoder-ogg-vorbis: bf7c407c2cedff20999df2af8eb42d56 -> 
========================================================================
Received Import Request.
  Time since last request: 667835.772161 seconds.
  path: Assets/AutoHand/Resources/NoFriction.physicMaterial
  artifactKey: Guid(479698c6385d9244885db6a634635b6d) Importer(815301076,1909f56bfc062723c751e8b465ee728b)
Start importing Assets/AutoHand/Resources/NoFriction.physicMaterial using Guid(479698c6385d9244885db6a634635b6d) Importer(815301076,1909f56bfc062723c751e8b465ee728b)  -> (artifact id: 'a992c2e78f22f581abef38642a4db5b6') in 0.518350 seconds 
========================================================================
Received Import Request.
  Time since last request: 0.000149 seconds.
  path: Assets/AutoHand/Resources/AutoHandLogo 1.png
  artifactKey: Guid(a5f827826cfb4b1408e1fd42d14f2277) Importer(815301076,1909f56bfc062723c751e8b465ee728b)
Start importing Assets/AutoHand/Resources/AutoHandLogo 1.png using Guid(a5f827826cfb4b1408e1fd42d14f2277) Importer(815301076,1909f56bfc062723c751e8b465ee728b)  -> (artifact id: '0165096e56a5c108d98fe87b270fb174') in 0.603730 seconds 
========================================================================
Received Import Request.
  Time since last request: 0.000153 seconds.
  path: Assets/AutoHand/Resources/AutoHandLogo.png
  artifactKey: Guid(4aa0097bb740ce149bfa63066595d275) Importer(815301076,1909f56bfc062723c751e8b465ee728b)
Start importing Assets/AutoHand/Resources/AutoHandLogo.png using Guid(4aa0097bb740ce149bfa63066595d275) Importer(815301076,1909f56bfc062723c751e8b465ee728b)  -> (artifact id: '13dd623adc05499a4cec743bc43ff808') in 0.034589 seconds 
========================================================================
Received Import Request.
  Time since last request: 0.000140 seconds.
  path: Assets/AutoHand/Resources/AutoHandSettings.asset
  artifactKey: Guid(9521a2b0b4edb584ab7bf0d84fcf5836) Importer(815301076,1909f56bfc062723c751e8b465ee728b)
Start importing Assets/AutoHand/Resources/AutoHandSettings.asset using Guid(9521a2b0b4edb584ab7bf0d84fcf5836) Importer(815301076,1909f56bfc062723c751e8b465ee728b)  -> (artifact id: '7089cd798a9f2fc1c68280382ad07ffb') in 0.219233 seconds 
========================================================================
Received Import Request.
  Time since last request: 0.000087 seconds.
  path: Assets/AutoHand/Resources/Righteous-Big.ttf
  artifactKey: Guid(2d5517b3dc39e474cb2eddd0f4004ace) Importer(815301076,1909f56bfc062723c751e8b465ee728b)
Start importing Assets/AutoHand/Resources/Righteous-Big.ttf using Guid(2d5517b3dc39e474cb2eddd0f4004ace) Importer(815301076,1909f56bfc062723c751e8b465ee728b)  -> (artifact id: 'c43c99c0e7fe28f8f0af60c47277b785') in 0.426165 seconds 
========================================================================
Received Import Request.
  Time since last request: 0.000074 seconds.
  path: Assets/AutoHand/Resources/Friction.physicMaterial
  artifactKey: Guid(c879e87e41930f444935e14a2aaac08e) Importer(815301076,1909f56bfc062723c751e8b465ee728b)
Start importing Assets/AutoHand/Resources/Friction.physicMaterial using Guid(c879e87e41930f444935e14a2aaac08e) Importer(815301076,1909f56bfc062723c751e8b465ee728b)  -> (artifact id: 'b42ce66ac6a2323a07d16d289e1535ad') in 0.004656 seconds 
========================================================================
Received Import Request.
  Time since last request: 13.054992 seconds.
  path: Assets/AutoHand/Examples/Prefabs/CartoonHand (No Controller).prefab
  artifactKey: Guid(af906fb9f01df054cb4e2f5e9f33f50e) Importer(815301076,1909f56bfc062723c751e8b465ee728b)
Start importing Assets/AutoHand/Examples/Prefabs/CartoonHand (No Controller).prefab using Guid(af906fb9f01df054cb4e2f5e9f33f50e) Importer(815301076,1909f56bfc062723c751e8b465ee728b)  -> (artifact id: 'b10fd32050b7152415c50ae490fa4ee2') in 0.275594 seconds 
========================================================================
Received Import Request.
  Time since last request: 0.000138 seconds.
  path: Assets/AutoHand/Examples/Prefabs/Righteous-Regular SDF.asset
  artifactKey: Guid(f5ba820a8971fa449b12f4c76629933c) Importer(815301076,1909f56bfc062723c751e8b465ee728b)
Start importing Assets/AutoHand/Examples/Prefabs/Righteous-Regular SDF.asset using Guid(f5ba820a8971fa449b12f4c76629933c) Importer(815301076,1909f56bfc062723c751e8b465ee728b)  -> (artifact id: '9d385b2dd9afa3c8d37c355d8e1a6a3f') in 0.103726 seconds 
========================================================================
Received Import Request.
  Time since last request: 0.000088 seconds.
  path: Assets/AutoHand/Examples/Prefabs/Righteous-Regular SDF Black.asset
  artifactKey: Guid(58debf685de78d64398a594761c7a148) Importer(815301076,1909f56bfc062723c751e8b465ee728b)
Start importing Assets/AutoHand/Examples/Prefabs/Righteous-Regular SDF Black.asset using Guid(58debf685de78d64398a594761c7a148) Importer(815301076,1909f56bfc062723c751e8b465ee728b)  -> (artifact id: '583f8ad8703162eaa8fe9b2e8359c85b') in 0.049996 seconds 
========================================================================
Received Import Request.
  Time since last request: 0.000075 seconds.
  path: Assets/AutoHand/Examples/Prefabs/SparkBurst.prefab
  artifactKey: Guid(794530a1db45e6441947cdbe3fde2fa4) Importer(815301076,1909f56bfc062723c751e8b465ee728b)
Start importing Assets/AutoHand/Examples/Prefabs/SparkBurst.prefab using Guid(794530a1db45e6441947cdbe3fde2fa4) Importer(815301076,1909f56bfc062723c751e8b465ee728b)  -> (artifact id: '1bfcc72423557350fedf830b7b4797b4') in 0.073689 seconds 
========================================================================
Received Import Request.
  Time since last request: 0.000096 seconds.
  path: Assets/AutoHand/Examples/Prefabs/Non-VR Hand.prefab
  artifactKey: Guid(b800951fddcb5e84d8567b32b94b6443) Importer(815301076,1909f56bfc062723c751e8b465ee728b)
Start importing Assets/AutoHand/Examples/Prefabs/Non-VR Hand.prefab using Guid(b800951fddcb5e84d8567b32b94b6443) Importer(815301076,1909f56bfc062723c751e8b465ee728b)  -> (artifact id: '7ee874dde1a6a75a016ffeef4034fd33') in 0.147652 seconds 
========================================================================
Received Import Request.
  Time since last request: 0.000107 seconds.
  path: Assets/AutoHand/Examples/Prefabs/Hand (No Controller).prefab
  artifactKey: Guid(ce06f5cc42ac3f64b84722370b7a04d0) Importer(815301076,1909f56bfc062723c751e8b465ee728b)
Start importing Assets/AutoHand/Examples/Prefabs/Hand (No Controller).prefab using Guid(ce06f5cc42ac3f64b84722370b7a04d0) Importer(815301076,1909f56bfc062723c751e8b465ee728b)  -> (artifact id: 'ff2ceb232ed2bd45d829a4ac2cf0c18b') in 0.519776 seconds 
========================================================================
Received Prepare
Registering precompiled user dll's ...
Registered in 0.002126 seconds.
Begin MonoManager ReloadAssembly
Symbol file LoadedFromMemory doesn't match image /Users/kenkobayashi/Documents/GitHub/MTEC-421/BatonSynth/Library/PackageCache/com.unity.visualscripting@1.8.0/Editor/VisualScripting.Core/Dependencies/YamlDotNet/Unity.VisualScripting.YamlDotNet.dll
Symbol file LoadedFromMemory doesn't match image /Users/kenkobayashi/Documents/GitHub/MTEC-421/BatonSynth/Library/PackageCache/com.unity.visualscripting@1.8.0/Editor/VisualScripting.Core/Dependencies/DotNetZip/Unity.VisualScripting.IonicZip.dll
Native extension for Android target not found
Native extension for OSXStandalone target not found
Refreshing native plugins compatible for Editor in 0.69 ms, found 2 plugins.
Preloading 0 native plugins for Editor in 0.00 ms.
Package Manager log level set to [2]
Mono: successfully reloaded assembly
- Completed reload, in  1.434 seconds
Domain Reload Profiling:
	ReloadAssembly (1435ms)
		BeginReloadAssembly (255ms)
			ExecutionOrderSort (0ms)
			DisableScriptedObjects (5ms)
			BackupInstance (0ms)
			ReleaseScriptingObjects (0ms)
			CreateAndSetChildDomain (84ms)
		EndReloadAssembly (1045ms)
			LoadAssemblies (205ms)
			RebuildTransferFunctionScriptingTraits (0ms)
			SetupTypeCache (393ms)
			ReleaseScriptCaches (1ms)
			RebuildScriptCaches (56ms)
			SetupLoadedEditorAssemblies (359ms)
				LogAssemblyErrors (0ms)
				InitializePlatformSupportModulesInManaged (22ms)
				SetLoadedEditorAssemblies (1ms)
				RefreshPlugins (1ms)
				BeforeProcessingInitializeOnLoad (64ms)
				ProcessInitializeOnLoadAttributes (245ms)
				ProcessInitializeOnLoadMethodAttributes (24ms)
				AfterProcessingInitializeOnLoad (2ms)
				EditorAssembliesLoaded (0ms)
			ExecutionOrderSort2 (0ms)
			AwakeInstancesAfterBackupRestoration (3ms)
Platform modules already initialized, skipping
Refreshing native plugins compatible for Editor in 1.30 ms, found 2 plugins.
Preloading 0 native plugins for Editor in 0.00 ms.
Unloading 3366 Unused Serialized files (Serialized files now loaded: 0)
Unloading 24 unused Assets / (68.8 KB). Loaded Objects now: 3910.
Memory consumption went from 149.4 MB to 149.3 MB.
Total: 3.626103 ms (FindLiveObjects: 0.275428 ms CreateObjectMapping: 0.144144 ms MarkObjects: 2.975928 ms  DeleteObjects: 0.229653 ms)

AssetImportParameters requested are different than current active one (requested -> active):
  custom:video-decoder-ogg-theora: a1e56fd34408186e4bbccfd4996cb3dc -> 
  custom:container-muxer-webm: aa71ff27fc2769a1b78a27578f13a17b -> 
  custom:container-demuxer-webm: 4f35f7cbe854078d1ac9338744f61a02 -> 
  custom:video-encoder-webm-vp8: eb34c28f22e8b96e1ab97ce403110664 -> 
  custom:framework-osx-AVFoundation: b23960f63f64bdc6ff669e2cdcee2391 -> 
  custom:audio-encoder-webm-vorbis: bf7c407c2cedff20999df2af8eb42d56 -> 
  custom:container-demuxer-ogg: 62fdf1f143b41e24485cea50d1cbac27 -> 
  custom:video-decoder-webm-vp8: 9c59270c3fd7afecdb556c50c9e8de78 -> 
  custom:audio-decoder-ogg-vorbis: bf7c407c2cedff20999df2af8eb42d56 -> 
========================================================================
Received Prepare
Registering precompiled user dll's ...
Registered in 0.003001 seconds.
Begin MonoManager ReloadAssembly
Symbol file LoadedFromMemory doesn't match image /Users/kenkobayashi/Documents/GitHub/MTEC-421/BatonSynth/Library/PackageCache/com.unity.visualscripting@1.8.0/Editor/VisualScripting.Core/Dependencies/YamlDotNet/Unity.VisualScripting.YamlDotNet.dll
Symbol file LoadedFromMemory doesn't match image /Users/kenkobayashi/Documents/GitHub/MTEC-421/BatonSynth/Library/PackageCache/com.unity.visualscripting@1.8.0/Editor/VisualScripting.Core/Dependencies/DotNetZip/Unity.VisualScripting.IonicZip.dll
Native extension for Android target not found
Native extension for OSXStandalone target not found
Refreshing native plugins compatible for Editor in 0.77 ms, found 3 plugins.
Preloading 1 native plugins for Editor in 5.19 ms.
Mono: successfully reloaded assembly
- Completed reload, in  1.290 seconds
Domain Reload Profiling:
	ReloadAssembly (1291ms)
		BeginReloadAssembly (160ms)
			ExecutionOrderSort (0ms)
			DisableScriptedObjects (6ms)
			BackupInstance (0ms)
			ReleaseScriptingObjects (0ms)
			CreateAndSetChildDomain (73ms)
		EndReloadAssembly (1010ms)
			LoadAssemblies (73ms)
			RebuildTransferFunctionScriptingTraits (0ms)
			SetupTypeCache (387ms)
			ReleaseScriptCaches (1ms)
			RebuildScriptCaches (55ms)
			SetupLoadedEditorAssemblies (380ms)
				LogAssemblyErrors (0ms)
				InitializePlatformSupportModulesInManaged (20ms)
				SetLoadedEditorAssemblies (1ms)
				RefreshPlugins (6ms)
				BeforeProcessingInitializeOnLoad (62ms)
				ProcessInitializeOnLoadAttributes (258ms)
				ProcessInitializeOnLoadMethodAttributes (31ms)
				AfterProcessingInitializeOnLoad (2ms)
				EditorAssembliesLoaded (0ms)
			ExecutionOrderSort2 (0ms)
			AwakeInstancesAfterBackupRestoration (4ms)
Platform modules already initialized, skipping
Refreshing native plugins compatible for Editor in 3.68 ms, found 3 plugins.
Preloading 1 native plugins for Editor in 0.46 ms.
Unloading 3397 Unused Serialized files (Serialized files now loaded: 0)
Unloading 30 unused Assets / (65.4 KB). Loaded Objects now: 3932.
Memory consumption went from 150.2 MB to 150.1 MB.
Total: 3.218375 ms (FindLiveObjects: 0.236279 ms CreateObjectMapping: 0.261958 ms MarkObjects: 2.575810 ms  DeleteObjects: 0.143104 ms)

AssetImportParameters requested are different than current active one (requested -> active):
  custom:video-decoder-ogg-theora: a1e56fd34408186e4bbccfd4996cb3dc -> 
  custom:container-muxer-webm: aa71ff27fc2769a1b78a27578f13a17b -> 
  custom:container-demuxer-webm: 4f35f7cbe854078d1ac9338744f61a02 -> 
  custom:video-encoder-webm-vp8: eb34c28f22e8b96e1ab97ce403110664 -> 
  custom:framework-osx-AVFoundation: b23960f63f64bdc6ff669e2cdcee2391 -> 
  custom:audio-encoder-webm-vorbis: bf7c407c2cedff20999df2af8eb42d56 -> 
  custom:container-demuxer-ogg: 62fdf1f143b41e24485cea50d1cbac27 -> 
  custom:video-decoder-webm-vp8: 9c59270c3fd7afecdb556c50c9e8de78 -> 
  custom:audio-decoder-ogg-vorbis: bf7c407c2cedff20999df2af8eb42d56 -> 
========================================================================
Received Import Request.
  Time since last request: 305.056817 seconds.
  path: Assets/AutoHand/Examples/Sounds/BoxHit.mp3
  artifactKey: Guid(ec4a5dea733cd054c80fca078a6214a7) Importer(815301076,1909f56bfc062723c751e8b465ee728b)
Start importing Assets/AutoHand/Examples/Sounds/BoxHit.mp3 using Guid(ec4a5dea733cd054c80fca078a6214a7) Importer(815301076,1909f56bfc062723c751e8b465ee728b)  -> (artifact id: 'bd8339ebafc82aacfd457d8425a5f8df') in 0.571499 seconds 
========================================================================
Received Import Request.
  Time since last request: 0.000122 seconds.
  path: Assets/AutoHand/Examples/Sounds/Hammer.mp3
  artifactKey: Guid(fcf5f7caa7e172f4abf3eb1fc1731c11) Importer(815301076,1909f56bfc062723c751e8b465ee728b)
Start importing Assets/AutoHand/Examples/Sounds/Hammer.mp3 using Guid(fcf5f7caa7e172f4abf3eb1fc1731c11) Importer(815301076,1909f56bfc062723c751e8b465ee728b)  -> (artifact id: '47ca9db7e988d845f42a651d3472a6f6') in 0.022864 seconds 
========================================================================
Received Import Request.
  Time since last request: 0.000418 seconds.
  path: Assets/AutoHand/Examples/Sounds/GunshotSingle.mp3
  artifactKey: Guid(66ae5c569fb450245a96d92be75c3148) Importer(815301076,1909f56bfc062723c751e8b465ee728b)
Start importing Assets/AutoHand/Examples/Sounds/GunshotSingle.mp3 using Guid(66ae5c569fb450245a96d92be75c3148) Importer(815301076,1909f56bfc062723c751e8b465ee728b)  -> (artifact id: '3afdb93c4f470ca9dc615be3f4b9d066') in 0.017799 seconds 
========================================================================
Received Import Request.
  Time since last request: 0.000150 seconds.
  path: Assets/AutoHand/Examples/Sounds/SoftImpact0.ogg
  artifactKey: Guid(555bf8a4b1aefad40941dd871387373a) Importer(815301076,1909f56bfc062723c751e8b465ee728b)
Start importing Assets/AutoHand/Examples/Sounds/SoftImpact0.ogg using Guid(555bf8a4b1aefad40941dd871387373a) Importer(815301076,1909f56bfc062723c751e8b465ee728b)  -> (artifact id: '8e0ff567c155c4b06a0818f7cabc0505') in 0.545511 seconds 
========================================================================
Received Import Request.
  Time since last request: 0.000094 seconds.
  path: Assets/AutoHand/Examples/Sounds/Explosion.mp3
  artifactKey: Guid(c84ac7dddc3097b46be2ed3fc7016c7a) Importer(815301076,1909f56bfc062723c751e8b465ee728b)
Start importing Assets/AutoHand/Examples/Sounds/Explosion.mp3 using Guid(c84ac7dddc3097b46be2ed3fc7016c7a) Importer(815301076,1909f56bfc062723c751e8b465ee728b)  -> (artifact id: '20db274c82730490f89817feedb0a02a') in 0.014321 seconds 
========================================================================
Received Import Request.
  Time since last request: 0.000145 seconds.
  path: Assets/AutoHand/Examples/Sounds/Pistol.wav
  artifactKey: Guid(56b55326d07c3a04c84a9e0cd1ac8dd1) Importer(815301076,1909f56bfc062723c751e8b465ee728b)
Start importing Assets/AutoHand/Examples/Sounds/Pistol.wav using Guid(56b55326d07c3a04c84a9e0cd1ac8dd1) Importer(815301076,1909f56bfc062723c751e8b465ee728b)  -> (artifact id: '2784b889bdf88eac8b75625f6f330285') in 0.336025 seconds 
========================================================================
Received Import Request.
  Time since last request: 0.000184 seconds.
  path: Assets/AutoHand/Examples/Prefabs/Non-VR Hand.prefab
  artifactKey: Guid(b800951fddcb5e84d8567b32b94b6443) Importer(815301076,1909f56bfc062723c751e8b465ee728b)
Start importing Assets/AutoHand/Examples/Prefabs/Non-VR Hand.prefab using Guid(b800951fddcb5e84d8567b32b94b6443) Importer(815301076,1909f56bfc062723c751e8b465ee728b)  -> (artifact id: 'aa269b3ff458931f0d2bf6ec10464dfa') in 0.173209 seconds 
========================================================================
Received Import Request.
  Time since last request: 0.000107 seconds.
  path: Assets/AutoHand/Examples/Sounds/DropSound.mp3
  artifactKey: Guid(df96814b0b3a8e9469d7ee8b84391484) Importer(815301076,1909f56bfc062723c751e8b465ee728b)
Start importing Assets/AutoHand/Examples/Sounds/DropSound.mp3 using Guid(df96814b0b3a8e9469d7ee8b84391484) Importer(815301076,1909f56bfc062723c751e8b465ee728b)  -> (artifact id: '660b1acaf21d4f84416498aad86a8107') in 0.015314 seconds 
========================================================================
Received Import Request.
  Time since last request: 0.000116 seconds.
  path: Assets/AutoHand/Examples/Sounds/footstep_concrete_004.ogg
  artifactKey: Guid(eb61ced1f66dffa4598a8a46b2f92d1a) Importer(815301076,1909f56bfc062723c751e8b465ee728b)
Start importing Assets/AutoHand/Examples/Sounds/footstep_concrete_004.ogg using Guid(eb61ced1f66dffa4598a8a46b2f92d1a) Importer(815301076,1909f56bfc062723c751e8b465ee728b)  -> (artifact id: 'd5faffba1d524b7ff01bbab58cc39ef7') in 0.015558 seconds 
========================================================================
Received Import Request.
  Time since last request: 0.000163 seconds.
  path: Assets/AutoHand/Examples/Sounds/SoftImpact.ogg
  artifactKey: Guid(66169591194e7f8479424e3b0136b459) Importer(815301076,1909f56bfc062723c751e8b465ee728b)
Start importing Assets/AutoHand/Examples/Sounds/SoftImpact.ogg using Guid(66169591194e7f8479424e3b0136b459) Importer(815301076,1909f56bfc062723c751e8b465ee728b)  -> (artifact id: 'd94bec783f7d3a858aadd6f069112626') in 0.016667 seconds 
========================================================================
Received Import Request.
  Time since last request: 0.000279 seconds.
  path: Assets/AutoHand/Examples/Sounds/GlassClink.wav
  artifactKey: Guid(4a4d51474a581e642b34fbf6d41c6184) Importer(815301076,1909f56bfc062723c751e8b465ee728b)
Start importing Assets/AutoHand/Examples/Sounds/GlassClink.wav using Guid(4a4d51474a581e642b34fbf6d41c6184) Importer(815301076,1909f56bfc062723c751e8b465ee728b)  -> (artifact id: 'e9c0874cab5661067491c62c69eceb9a') in 0.015314 seconds 
========================================================================
Received Import Request.
  Time since last request: 0.000116 seconds.
  path: Assets/AutoHand/Examples/Sounds/MetalImpact.ogg
  artifactKey: Guid(9c49876e831bce747bc0ab0087a9ef05) Importer(815301076,1909f56bfc062723c751e8b465ee728b)
Start importing Assets/AutoHand/Examples/Sounds/MetalImpact.ogg using Guid(9c49876e831bce747bc0ab0087a9ef05) Importer(815301076,1909f56bfc062723c751e8b465ee728b)  -> (artifact id: 'a4ecb74ad7cac77254122282cc75442e') in 0.015203 seconds 
========================================================================
Received Import Request.
  Time since last request: 1.779572 seconds.
  path: Assets/AutoHand/Examples/Mesh/barrel.fbx
  artifactKey: Guid(ff8fd017c5db29946945ad5da13a5a30) Importer(815301076,1909f56bfc062723c751e8b465ee728b)
Start importing Assets/AutoHand/Examples/Mesh/barrel.fbx using Guid(ff8fd017c5db29946945ad5da13a5a30) Importer(815301076,1909f56bfc062723c751e8b465ee728b)  -> (artifact id: '17fa4d49771797242acb9c4fdb440eae') in 0.252158 seconds 
========================================================================
Received Import Request.
  Time since last request: 0.000102 seconds.
  path: Assets/AutoHand/Examples/Mesh/Lever2.fbx
  artifactKey: Guid(233f4b2ba2af7a54a9d9eba4ee1054ab) Importer(815301076,1909f56bfc062723c751e8b465ee728b)
Start importing Assets/AutoHand/Examples/Mesh/Lever2.fbx using Guid(233f4b2ba2af7a54a9d9eba4ee1054ab) Importer(815301076,1909f56bfc062723c751e8b465ee728b)  -> (artifact id: '2bdeb996a0723f7c734367c82f81cb82') in 0.130240 seconds 
========================================================================
Received Import Request.
  Time since last request: 0.000090 seconds.
  path: Assets/AutoHand/Examples/Mesh/Table.fbx
  artifactKey: Guid(63090860fea52df4aafeda97244a962d) Importer(815301076,1909f56bfc062723c751e8b465ee728b)
Start importing Assets/AutoHand/Examples/Mesh/Table.fbx using Guid(63090860fea52df4aafeda97244a962d) Importer(815301076,1909f56bfc062723c751e8b465ee728b)  -> (artifact id: 'dcce9011182afcf73850fab82c736db5') in 0.058075 seconds 
========================================================================
Received Import Request.
  Time since last request: 0.000185 seconds.
  path: Assets/AutoHand/Examples/Mesh/Robohand.fbx
  artifactKey: Guid(17a48d918cf75e74aa527c89697f3d15) Importer(815301076,1909f56bfc062723c751e8b465ee728b)
Start importing Assets/AutoHand/Examples/Mesh/Robohand.fbx using Guid(17a48d918cf75e74aa527c89697f3d15) Importer(815301076,1909f56bfc062723c751e8b465ee728b)  -> (artifact id: '55de3903f062f6685ee5584baa50b5de') in 0.083358 seconds 
========================================================================
Received Import Request.
  Time since last request: 0.000080 seconds.
  path: Assets/AutoHand/Examples/Mesh/CompoundBow.fbx
  artifactKey: Guid(745ee93c9bc39eb4cbfd6a6f05a60336) Importer(815301076,1909f56bfc062723c751e8b465ee728b)
Start importing Assets/AutoHand/Examples/Mesh/CompoundBow.fbx using Guid(745ee93c9bc39eb4cbfd6a6f05a60336) Importer(815301076,1909f56bfc062723c751e8b465ee728b)  -> (artifact id: '8ef6db2bf125060dd8756827077feb9c') in 0.057389 seconds 
========================================================================
Received Import Request.
  Time since last request: 0.000106 seconds.
  path: Assets/AutoHand/Examples/Mesh/sub.fbx
  artifactKey: Guid(46f7390b8a973f14db1682dc6a3600b1) Importer(815301076,1909f56bfc062723c751e8b465ee728b)
Start importing Assets/AutoHand/Examples/Mesh/sub.fbx using Guid(46f7390b8a973f14db1682dc6a3600b1) Importer(815301076,1909f56bfc062723c751e8b465ee728b)  -> (artifact id: '325a08501fdeb5ffbb646a787ea5dc15') in 0.167178 seconds 
========================================================================
Received Import Request.
  Time since last request: 0.000188 seconds.
  path: Assets/AutoHand/Examples/Mesh/Scar.fbx
  artifactKey: Guid(9f9ca350dcbd38949828f288ff342386) Importer(815301076,1909f56bfc062723c751e8b465ee728b)
Start importing Assets/AutoHand/Examples/Mesh/Scar.fbx using Guid(9f9ca350dcbd38949828f288ff342386) Importer(815301076,1909f56bfc062723c751e8b465ee728b)  -> (artifact id: '3c57f55e2573aeb2b0f82b1ce3d136e6') in 0.150425 seconds 
========================================================================
Received Import Request.
  Time since last request: 0.000152 seconds.
  path: Assets/AutoHand/Examples/Materials/AH_White.mat
  artifactKey: Guid(3ca04dbd767079644aaa779bd2df9b91) Importer(815301076,1909f56bfc062723c751e8b465ee728b)
Start importing Assets/AutoHand/Examples/Materials/AH_White.mat using Guid(3ca04dbd767079644aaa779bd2df9b91) Importer(815301076,1909f56bfc062723c751e8b465ee728b)  -> (artifact id: 'ea0c848e1285a16dc0c49a2195b8ace5') in 0.448378 seconds 
========================================================================
Received Import Request.
  Time since last request: 0.000081 seconds.
  path: Assets/AutoHand/Examples/Materials/Gun.mat
  artifactKey: Guid(051c6b6417014a84394ef816bd2b6a1a) Importer(815301076,1909f56bfc062723c751e8b465ee728b)
Start importing Assets/AutoHand/Examples/Materials/Gun.mat using Guid(051c6b6417014a84394ef816bd2b6a1a) Importer(815301076,1909f56bfc062723c751e8b465ee728b)  -> (artifact id: '1b966fb276537ae58b047209b957b0e6') in 0.019024 seconds 
========================================================================
Received Import Request.
  Time since last request: 0.000101 seconds.
  path: Assets/AutoHand/Examples/Materials/Grid Metal 2.mat
  artifactKey: Guid(866c139920bfd07469ab89476b44825c) Importer(815301076,1909f56bfc062723c751e8b465ee728b)
Start importing Assets/AutoHand/Examples/Materials/Grid Metal 2.mat using Guid(866c139920bfd07469ab89476b44825c) Importer(815301076,1909f56bfc062723c751e8b465ee728b)  -> (artifact id: 'a846dcae30323cefc926421e1a8d7229') in 0.021945 seconds 
========================================================================
Received Import Request.
  Time since last request: 0.000193 seconds.
  path: Assets/AutoHand/Examples/Materials/GunHighlights.mat
  artifactKey: Guid(7a156f7d45177bc42adb509591520010) Importer(815301076,1909f56bfc062723c751e8b465ee728b)
Start importing Assets/AutoHand/Examples/Materials/GunHighlights.mat using Guid(7a156f7d45177bc42adb509591520010) Importer(815301076,1909f56bfc062723c751e8b465ee728b)  -> (artifact id: '9dc2061181266d352745e1cda3f2b3b9') in 0.023850 seconds 
========================================================================
Received Import Request.
  Time since last request: 0.000164 seconds.
  path: Assets/AutoHand/Examples/Materials/pasted__pasted__lambert6 2.mat
  artifactKey: Guid(a49bd77abba9a374dba791119c2c1569) Importer(815301076,1909f56bfc062723c751e8b465ee728b)
Start importing Assets/AutoHand/Examples/Materials/pasted__pasted__lambert6 2.mat using Guid(a49bd77abba9a374dba791119c2c1569) Importer(815301076,1909f56bfc062723c751e8b465ee728b)  -> (artifact id: 'b61ce0d433e1bbf25c7a1f4bc50e5246') in 0.024257 seconds 
========================================================================
Received Import Request.
  Time since last request: 0.000170 seconds.
  path: Assets/AutoHand/Examples/Materials/AH_Blue 5.mat
  artifactKey: Guid(df4334de2e8868f4588ac33365991dc1) Importer(815301076,1909f56bfc062723c751e8b465ee728b)
Start importing Assets/AutoHand/Examples/Materials/AH_Blue 5.mat using Guid(df4334de2e8868f4588ac33365991dc1) Importer(815301076,1909f56bfc062723c751e8b465ee728b)  -> (artifact id: 'c47236b504c62f5db4d455ea84ed4f29') in 0.019973 seconds 
========================================================================
Received Import Request.
  Time since last request: 0.000120 seconds.
  path: Assets/AutoHand/Examples/Materials/Black Rubber.mat
  artifactKey: Guid(60158c1f5a888be49b0e486812385af4) Importer(815301076,1909f56bfc062723c751e8b465ee728b)
Start importing Assets/AutoHand/Examples/Materials/Black Rubber.mat using Guid(60158c1f5a888be49b0e486812385af4) Importer(815301076,1909f56bfc062723c751e8b465ee728b)  -> (artifact id: '2c1a336b75569d7c9b6624a3f01e8bc4') in 0.017636 seconds 
========================================================================
Received Import Request.
  Time since last request: 0.000301 seconds.
  path: Assets/AutoHand/Examples/Mesh/pistol.fbx
  artifactKey: Guid(152c449fcbb079049a38e5953ab3376b) Importer(815301076,1909f56bfc062723c751e8b465ee728b)
Start importing Assets/AutoHand/Examples/Mesh/pistol.fbx using Guid(152c449fcbb079049a38e5953ab3376b) Importer(815301076,1909f56bfc062723c751e8b465ee728b)  -> (artifact id: 'fc7a14dac60977bdfc98a075a9d82786') in 1.035494 seconds 
========================================================================
Received Import Request.
  Time since last request: 0.000118 seconds.
  path: Assets/AutoHand/Examples/Mesh/meatTenderizer.fbx
  artifactKey: Guid(5dee120cea365a7429acdc6ad517fcea) Importer(815301076,1909f56bfc062723c751e8b465ee728b)
Start importing Assets/AutoHand/Examples/Mesh/meatTenderizer.fbx using Guid(5dee120cea365a7429acdc6ad517fcea) Importer(815301076,1909f56bfc062723c751e8b465ee728b)  -> (artifact id: '905502aeb9afb7f13285fcd14738db8a') in 0.078271 seconds 
========================================================================
Received Import Request.
  Time since last request: 0.000117 seconds.
  path: Assets/AutoHand/Examples/Materials/Glass.mat
  artifactKey: Guid(35a711cb34eace54bbba5fd1d8be9494) Importer(815301076,1909f56bfc062723c751e8b465ee728b)
Start importing Assets/AutoHand/Examples/Materials/Glass.mat using Guid(35a711cb34eace54bbba5fd1d8be9494) Importer(815301076,1909f56bfc062723c751e8b465ee728b)  -> (artifact id: 'ff729a05d5df540040601d1dac729ef3') in 0.016351 seconds 
========================================================================
Received Import Request.
  Time since last request: 0.000186 seconds.
  path: Assets/AutoHand/Examples/Materials/Green Plastic.mat
  artifactKey: Guid(17aca4257f7004143ab9519401bb0c13) Importer(815301076,1909f56bfc062723c751e8b465ee728b)
Start importing Assets/AutoHand/Examples/Materials/Green Plastic.mat using Guid(17aca4257f7004143ab9519401bb0c13) Importer(815301076,1909f56bfc062723c751e8b465ee728b)  -> (artifact id: '65f7d1f5c1bc6e44ca8bdc8630affbaa') in 0.022633 seconds 
========================================================================
Received Import Request.
  Time since last request: 0.000202 seconds.
  path: Assets/AutoHand/Examples/Materials/AmmoText.asset
  artifactKey: Guid(a7184fe263a884609b27ed1989c8f6a3) Importer(815301076,1909f56bfc062723c751e8b465ee728b)
Start importing Assets/AutoHand/Examples/Materials/AmmoText.asset using Guid(a7184fe263a884609b27ed1989c8f6a3) Importer(815301076,1909f56bfc062723c751e8b465ee728b)  -> (artifact id: '07d6f56bd0d3d80a9dd66182ea0ff0c8') in 0.180454 seconds 
========================================================================
Received Import Request.
  Time since last request: 0.000093 seconds.
  path: Assets/AutoHand/Examples/Materials/CartoonHand.mat
  artifactKey: Guid(b162ef23777565149841de7200eb96f6) Importer(815301076,1909f56bfc062723c751e8b465ee728b)
Start importing Assets/AutoHand/Examples/Materials/CartoonHand.mat using Guid(b162ef23777565149841de7200eb96f6) Importer(815301076,1909f56bfc062723c751e8b465ee728b)  -> (artifact id: '81cd76f2137b287f5c09aab402b9c501') in 0.020685 seconds 
========================================================================
Received Import Request.
  Time since last request: 0.000160 seconds.
  path: Assets/AutoHand/Examples/Materials/greynormaldiffuse.100.mat
  artifactKey: Guid(9841db134a9f34845babaa6996226534) Importer(815301076,1909f56bfc062723c751e8b465ee728b)
Start importing Assets/AutoHand/Examples/Materials/greynormaldiffuse.100.mat using Guid(9841db134a9f34845babaa6996226534) Importer(815301076,1909f56bfc062723c751e8b465ee728b)  -> (artifact id: '5ec2a9d24a749eaeec5bbcbf0cb06044') in 0.020388 seconds 
========================================================================
Received Import Request.
  Time since last request: 0.000113 seconds.
  path: Assets/AutoHand/Examples/Materials/InformationIcon.mat
  artifactKey: Guid(176866fa306ba414c8d1d0232d5e0cc3) Importer(815301076,1909f56bfc062723c751e8b465ee728b)
Start importing Assets/AutoHand/Examples/Materials/InformationIcon.mat using Guid(176866fa306ba414c8d1d0232d5e0cc3) Importer(815301076,1909f56bfc062723c751e8b465ee728b)  -> (artifact id: '0ae347b178e44f8cb6f928de55c89322') in 0.024503 seconds 
========================================================================
Received Import Request.
  Time since last request: 0.000125 seconds.
  path: Assets/AutoHand/Examples/Materials/AH_Blue_1.mat
  artifactKey: Guid(5def92ede5ca99043a237e3a03ba1010) Importer(815301076,1909f56bfc062723c751e8b465ee728b)
Start importing Assets/AutoHand/Examples/Materials/AH_Blue_1.mat using Guid(5def92ede5ca99043a237e3a03ba1010) Importer(815301076,1909f56bfc062723c751e8b465ee728b)  -> (artifact id: '0396de89f65e4936c4cf7291f99eb705') in 0.018973 seconds 
========================================================================
Received Import Request.
  Time since last request: 0.000136 seconds.
  path: Assets/AutoHand/Examples/Mesh/Hand.fbx
  artifactKey: Guid(bd20bf05dfaa93745b0371d65b9a254f) Importer(815301076,1909f56bfc062723c751e8b465ee728b)
Start importing Assets/AutoHand/Examples/Mesh/Hand.fbx using Guid(bd20bf05dfaa93745b0371d65b9a254f) Importer(815301076,1909f56bfc062723c751e8b465ee728b)  -> (artifact id: '27b289032917b38a45d5e570c42a04b5') in 0.062252 seconds 
========================================================================
Received Import Request.
  Time since last request: 0.000208 seconds.
  path: Assets/AutoHand/Examples/Materials/AH_Bright_Green.mat
  artifactKey: Guid(4f90fb2688849c54588be9a3d89d6f46) Importer(815301076,1909f56bfc062723c751e8b465ee728b)
Start importing Assets/AutoHand/Examples/Materials/AH_Bright_Green.mat using Guid(4f90fb2688849c54588be9a3d89d6f46) Importer(815301076,1909f56bfc062723c751e8b465ee728b)  -> (artifact id: '10a125261a640b544444c681b4326c86') in 0.016004 seconds 
========================================================================
Received Import Request.
  Time since last request: 0.000235 seconds.
  path: Assets/AutoHand/Examples/Mesh/NormalCar1.fbx
  artifactKey: Guid(1ce937b39ea5e614eac6cc1e3a29a564) Importer(815301076,1909f56bfc062723c751e8b465ee728b)
Start importing Assets/AutoHand/Examples/Mesh/NormalCar1.fbx using Guid(1ce937b39ea5e614eac6cc1e3a29a564) Importer(815301076,1909f56bfc062723c751e8b465ee728b)  -> (artifact id: 'd85c0ed01a65f407fe84893d72925981') in 0.103783 seconds 
========================================================================
Received Import Request.
  Time since last request: 0.000138 seconds.
  path: Assets/AutoHand/Examples/Materials/AH_Blue 3.mat
  artifactKey: Guid(1a58ba2a05f23c64a974352c07eca07e) Importer(815301076,1909f56bfc062723c751e8b465ee728b)
Start importing Assets/AutoHand/Examples/Materials/AH_Blue 3.mat using Guid(1a58ba2a05f23c64a974352c07eca07e) Importer(815301076,1909f56bfc062723c751e8b465ee728b)  -> (artifact id: '73ca0d353ef601fdb6f1be177359a70a') in 0.020816 seconds 
========================================================================
Received Import Request.
  Time since last request: 0.000093 seconds.
  path: Assets/AutoHand/Examples/Mesh/Slide3.fbx
  artifactKey: Guid(1db2bca27ad6b29408e7fa2e2829815e) Importer(815301076,1909f56bfc062723c751e8b465ee728b)
Start importing Assets/AutoHand/Examples/Mesh/Slide3.fbx using Guid(1db2bca27ad6b29408e7fa2e2829815e) Importer(815301076,1909f56bfc062723c751e8b465ee728b)  -> (artifact id: '58f7563c2db5b5de39a22c2980a72151') in 0.145987 seconds 
========================================================================
Received Import Request.
  Time since last request: 0.000073 seconds.
  path: Assets/AutoHand/Examples/Mesh/mushroom.fbx
  artifactKey: Guid(06d5824a27d833741ad3a6bae6c6f345) Importer(815301076,1909f56bfc062723c751e8b465ee728b)
Start importing Assets/AutoHand/Examples/Mesh/mushroom.fbx using Guid(06d5824a27d833741ad3a6bae6c6f345) Importer(815301076,1909f56bfc062723c751e8b465ee728b)  -> (artifact id: '39d02e5e61cc589d044409a20153034c') in 0.069932 seconds 
========================================================================
Received Import Request.
  Time since last request: 0.000117 seconds.
  path: Assets/AutoHand/Examples/Materials/AH_Pink.mat
  artifactKey: Guid(21cced9b5af30e44a85a53c2594c9730) Importer(815301076,1909f56bfc062723c751e8b465ee728b)
Start importing Assets/AutoHand/Examples/Materials/AH_Pink.mat using Guid(21cced9b5af30e44a85a53c2594c9730) Importer(815301076,1909f56bfc062723c751e8b465ee728b)  -> (artifact id: '71f6c7eb18fdd367623e163142e5d11c') in 0.017258 seconds 
========================================================================
Received Import Request.
  Time since last request: 0.000222 seconds.
  path: Assets/AutoHand/Examples/Mesh/key.fbx
  artifactKey: Guid(b2509f136cb9dfd4bbdea400c2017bf4) Importer(815301076,1909f56bfc062723c751e8b465ee728b)
Start importing Assets/AutoHand/Examples/Mesh/key.fbx using Guid(b2509f136cb9dfd4bbdea400c2017bf4) Importer(815301076,1909f56bfc062723c751e8b465ee728b)  -> (artifact id: '17f11e511d94cc37fd2202bfcce1dcba') in 0.050578 seconds 
========================================================================
Received Import Request.
  Time since last request: 0.000217 seconds.
  path: Assets/AutoHand/Examples/Mesh/Controller.fbx
  artifactKey: Guid(01bda0fe6eb1bee47b0bb7b7eb2a65d8) Importer(815301076,1909f56bfc062723c751e8b465ee728b)
Start importing Assets/AutoHand/Examples/Mesh/Controller.fbx using Guid(01bda0fe6eb1bee47b0bb7b7eb2a65d8) Importer(815301076,1909f56bfc062723c751e8b465ee728b)  -> (artifact id: 'd30a60fa16a02803785569c2e4a9dbc8') in 0.090147 seconds 
========================================================================
Received Import Request.
  Time since last request: 0.000132 seconds.
  path: Assets/AutoHand/Examples/Materials/base color .mat
  artifactKey: Guid(5bfc87f62ef0a994cbd2ead3e31e4bd0) Importer(815301076,1909f56bfc062723c751e8b465ee728b)
Start importing Assets/AutoHand/Examples/Materials/base color .mat using Guid(5bfc87f62ef0a994cbd2ead3e31e4bd0) Importer(815301076,1909f56bfc062723c751e8b465ee728b)  -> (artifact id: '305faea4c84f10cce8d187b17ddb0b00') in 0.288033 seconds 
========================================================================
Received Import Request.
  Time since last request: 0.000073 seconds.
  path: Assets/AutoHand/Examples/Materials/AH_Purple.mat
  artifactKey: Guid(ae4e565bf735705479dd105d4c75421a) Importer(815301076,1909f56bfc062723c751e8b465ee728b)
Start importing Assets/AutoHand/Examples/Materials/AH_Purple.mat using Guid(ae4e565bf735705479dd105d4c75421a) Importer(815301076,1909f56bfc062723c751e8b465ee728b)  -> (artifact id: 'a3b6c6248ea878f9c81a8924836d3a78') in 0.023931 seconds 
========================================================================
Received Prepare
Registering precompiled user dll's ...
Registered in 0.002909 seconds.
Begin MonoManager ReloadAssembly
Symbol file LoadedFromMemory doesn't match image /Users/kenkobayashi/Documents/GitHub/MTEC-421/BatonSynth/Library/PackageCache/com.unity.visualscripting@1.8.0/Editor/VisualScripting.Core/Dependencies/YamlDotNet/Unity.VisualScripting.YamlDotNet.dll
Symbol file LoadedFromMemory doesn't match image /Users/kenkobayashi/Documents/GitHub/MTEC-421/BatonSynth/Library/PackageCache/com.unity.visualscripting@1.8.0/Editor/VisualScripting.Core/Dependencies/DotNetZip/Unity.VisualScripting.IonicZip.dll
Native extension for Android target not found
Native extension for OSXStandalone target not found
Refreshing native plugins compatible for Editor in 1.55 ms, found 3 plugins.
Preloading 1 native plugins for Editor in 1.04 ms.
Mono: successfully reloaded assembly
- Completed reload, in  2.535 seconds
Domain Reload Profiling:
	ReloadAssembly (2537ms)
		BeginReloadAssembly (211ms)
			ExecutionOrderSort (0ms)
			DisableScriptedObjects (8ms)
			BackupInstance (0ms)
			ReleaseScriptingObjects (0ms)
			CreateAndSetChildDomain (92ms)
		EndReloadAssembly (2125ms)
			LoadAssemblies (137ms)
			RebuildTransferFunctionScriptingTraits (0ms)
			SetupTypeCache (833ms)
			ReleaseScriptCaches (3ms)
			RebuildScriptCaches (134ms)
			SetupLoadedEditorAssemblies (746ms)
				LogAssemblyErrors (0ms)
				InitializePlatformSupportModulesInManaged (47ms)
				SetLoadedEditorAssemblies (2ms)
				RefreshPlugins (3ms)
				BeforeProcessingInitializeOnLoad (138ms)
				ProcessInitializeOnLoadAttributes (493ms)
				ProcessInitializeOnLoadMethodAttributes (56ms)
				AfterProcessingInitializeOnLoad (6ms)
				EditorAssembliesLoaded (0ms)
			ExecutionOrderSort2 (0ms)
			AwakeInstancesAfterBackupRestoration (12ms)
Platform modules already initialized, skipping
Refreshing native plugins compatible for Editor in 6.99 ms, found 3 plugins.
Preloading 1 native plugins for Editor in 0.64 ms.
Unloading 3397 Unused Serialized files (Serialized files now loaded: 0)
Unloading 37 unused Assets / (68.6 KB). Loaded Objects now: 3942.
Memory consumption went from 171.3 MB to 171.2 MB.
Total: 3.122403 ms (FindLiveObjects: 0.234961 ms CreateObjectMapping: 0.138683 ms MarkObjects: 2.616717 ms  DeleteObjects: 0.131189 ms)

AssetImportParameters requested are different than current active one (requested -> active):
  custom:video-decoder-ogg-theora: a1e56fd34408186e4bbccfd4996cb3dc -> 
  custom:container-muxer-webm: aa71ff27fc2769a1b78a27578f13a17b -> 
  custom:container-demuxer-webm: 4f35f7cbe854078d1ac9338744f61a02 -> 
  custom:video-encoder-webm-vp8: eb34c28f22e8b96e1ab97ce403110664 -> 
  custom:framework-osx-AVFoundation: b23960f63f64bdc6ff669e2cdcee2391 -> 
  custom:audio-encoder-webm-vorbis: bf7c407c2cedff20999df2af8eb42d56 -> 
  custom:container-demuxer-ogg: 62fdf1f143b41e24485cea50d1cbac27 -> 
  custom:video-decoder-webm-vp8: 9c59270c3fd7afecdb556c50c9e8de78 -> 
  custom:audio-decoder-ogg-vorbis: bf7c407c2cedff20999df2af8eb42d56 -> 
========================================================================
Received Prepare
Registering precompiled user dll's ...
Registered in 0.003311 seconds.
Begin MonoManager ReloadAssembly
Symbol file LoadedFromMemory doesn't match image /Users/kenkobayashi/Documents/GitHub/MTEC-421/BatonSynth/Library/PackageCache/com.unity.visualscripting@1.8.0/Editor/VisualScripting.Core/Dependencies/YamlDotNet/Unity.VisualScripting.YamlDotNet.dll
Symbol file LoadedFromMemory doesn't match image /Users/kenkobayashi/Documents/GitHub/MTEC-421/BatonSynth/Library/PackageCache/com.unity.visualscripting@1.8.0/Editor/VisualScripting.Core/Dependencies/DotNetZip/Unity.VisualScripting.IonicZip.dll
Native extension for Android target not found
Native extension for OSXStandalone target not found
Refreshing native plugins compatible for Editor in 0.76 ms, found 3 plugins.
Preloading 1 native plugins for Editor in 0.56 ms.
Mono: successfully reloaded assembly
- Completed reload, in  2.414 seconds
Domain Reload Profiling:
	ReloadAssembly (2416ms)
		BeginReloadAssembly (282ms)
			ExecutionOrderSort (0ms)
			DisableScriptedObjects (10ms)
			BackupInstance (0ms)
			ReleaseScriptingObjects (0ms)
			CreateAndSetChildDomain (129ms)
		EndReloadAssembly (1940ms)
			LoadAssemblies (145ms)
			RebuildTransferFunctionScriptingTraits (0ms)
			SetupTypeCache (759ms)
			ReleaseScriptCaches (3ms)
			RebuildScriptCaches (134ms)
			SetupLoadedEditorAssemblies (690ms)
				LogAssemblyErrors (0ms)
				InitializePlatformSupportModulesInManaged (31ms)
				SetLoadedEditorAssemblies (1ms)
				RefreshPlugins (1ms)
				BeforeProcessingInitializeOnLoad (99ms)
				ProcessInitializeOnLoadAttributes (502ms)
				ProcessInitializeOnLoadMethodAttributes (50ms)
				AfterProcessingInitializeOnLoad (4ms)
				EditorAssembliesLoaded (0ms)
			ExecutionOrderSort2 (0ms)
			AwakeInstancesAfterBackupRestoration (8ms)
Platform modules already initialized, skipping
Refreshing native plugins compatible for Editor in 3.74 ms, found 3 plugins.
Preloading 1 native plugins for Editor in 1.08 ms.
Unloading 3397 Unused Serialized files (Serialized files now loaded: 0)
Unloading 30 unused Assets / (68.9 KB). Loaded Objects now: 3946.
Memory consumption went from 171.3 MB to 171.2 MB.
Total: 5.807486 ms (FindLiveObjects: 0.270852 ms CreateObjectMapping: 0.258257 ms MarkObjects: 4.750744 ms  DeleteObjects: 0.525699 ms)

AssetImportParameters requested are different than current active one (requested -> active):
  custom:video-decoder-ogg-theora: a1e56fd34408186e4bbccfd4996cb3dc -> 
  custom:container-muxer-webm: aa71ff27fc2769a1b78a27578f13a17b -> 
  custom:container-demuxer-webm: 4f35f7cbe854078d1ac9338744f61a02 -> 
  custom:video-encoder-webm-vp8: eb34c28f22e8b96e1ab97ce403110664 -> 
  custom:framework-osx-AVFoundation: b23960f63f64bdc6ff669e2cdcee2391 -> 
  custom:audio-encoder-webm-vorbis: bf7c407c2cedff20999df2af8eb42d56 -> 
  custom:container-demuxer-ogg: 62fdf1f143b41e24485cea50d1cbac27 -> 
  custom:video-decoder-webm-vp8: 9c59270c3fd7afecdb556c50c9e8de78 -> 
  custom:audio-decoder-ogg-vorbis: bf7c407c2cedff20999df2af8eb42d56 -> 
========================================================================
Received Prepare
Registering precompiled user dll's ...
Registered in 0.002930 seconds.
Begin MonoManager ReloadAssembly
Symbol file LoadedFromMemory doesn't match image /Users/kenkobayashi/Documents/GitHub/MTEC-421/BatonSynth/Library/PackageCache/com.unity.visualscripting@1.8.0/Editor/VisualScripting.Core/Dependencies/YamlDotNet/Unity.VisualScripting.YamlDotNet.dll
Symbol file LoadedFromMemory doesn't match image /Users/kenkobayashi/Documents/GitHub/MTEC-421/BatonSynth/Library/PackageCache/com.unity.visualscripting@1.8.0/Editor/VisualScripting.Core/Dependencies/DotNetZip/Unity.VisualScripting.IonicZip.dll
Native extension for Android target not found
Native extension for OSXStandalone target not found
Refreshing native plugins compatible for Editor in 0.71 ms, found 3 plugins.
Preloading 1 native plugins for Editor in 0.58 ms.
Mono: successfully reloaded assembly
- Completed reload, in  1.383 seconds
Domain Reload Profiling:
	ReloadAssembly (1384ms)
		BeginReloadAssembly (173ms)
			ExecutionOrderSort (0ms)
			DisableScriptedObjects (8ms)
			BackupInstance (0ms)
			ReleaseScriptingObjects (0ms)
			CreateAndSetChildDomain (80ms)
		EndReloadAssembly (1080ms)
			LoadAssemblies (78ms)
			RebuildTransferFunctionScriptingTraits (0ms)
			SetupTypeCache (444ms)
			ReleaseScriptCaches (1ms)
			RebuildScriptCaches (57ms)
			SetupLoadedEditorAssemblies (377ms)
				LogAssemblyErrors (0ms)
				InitializePlatformSupportModulesInManaged (25ms)
				SetLoadedEditorAssemblies (1ms)
				RefreshPlugins (1ms)
				BeforeProcessingInitializeOnLoad (72ms)
				ProcessInitializeOnLoadAttributes (242ms)
				ProcessInitializeOnLoadMethodAttributes (34ms)
				AfterProcessingInitializeOnLoad (2ms)
				EditorAssembliesLoaded (0ms)
			ExecutionOrderSort2 (0ms)
			AwakeInstancesAfterBackupRestoration (4ms)
Platform modules already initialized, skipping
Refreshing native plugins compatible for Editor in 6.48 ms, found 3 plugins.
Preloading 1 native plugins for Editor in 0.83 ms.
Unloading 3397 Unused Serialized files (Serialized files now loaded: 0)
Unloading 30 unused Assets / (70.0 KB). Loaded Objects now: 3950.
Memory consumption went from 171.3 MB to 171.3 MB.
Total: 6.826037 ms (FindLiveObjects: 0.477957 ms CreateObjectMapping: 0.632786 ms MarkObjects: 5.186217 ms  DeleteObjects: 0.526590 ms)

AssetImportParameters requested are different than current active one (requested -> active):
  custom:video-decoder-ogg-theora: a1e56fd34408186e4bbccfd4996cb3dc -> 
  custom:container-muxer-webm: aa71ff27fc2769a1b78a27578f13a17b -> 
  custom:container-demuxer-webm: 4f35f7cbe854078d1ac9338744f61a02 -> 
  custom:video-encoder-webm-vp8: eb34c28f22e8b96e1ab97ce403110664 -> 
  custom:framework-osx-AVFoundation: b23960f63f64bdc6ff669e2cdcee2391 -> 
  custom:audio-encoder-webm-vorbis: bf7c407c2cedff20999df2af8eb42d56 -> 
  custom:container-demuxer-ogg: 62fdf1f143b41e24485cea50d1cbac27 -> 
  custom:video-decoder-webm-vp8: 9c59270c3fd7afecdb556c50c9e8de78 -> 
  custom:audio-decoder-ogg-vorbis: bf7c407c2cedff20999df2af8eb42d56 -> 
========================================================================
Received Prepare
Registering precompiled user dll's ...
Registered in 0.002925 seconds.
Begin MonoManager ReloadAssembly
Symbol file LoadedFromMemory doesn't match image /Users/kenkobayashi/Documents/GitHub/MTEC-421/BatonSynth/Library/PackageCache/com.unity.visualscripting@1.8.0/Editor/VisualScripting.Core/Dependencies/YamlDotNet/Unity.VisualScripting.YamlDotNet.dll
Symbol file LoadedFromMemory doesn't match image /Users/kenkobayashi/Documents/GitHub/MTEC-421/BatonSynth/Library/PackageCache/com.unity.visualscripting@1.8.0/Editor/VisualScripting.Core/Dependencies/DotNetZip/Unity.VisualScripting.IonicZip.dll
Native extension for Android target not found
Native extension for OSXStandalone target not found
Refreshing native plugins compatible for Editor in 0.85 ms, found 3 plugins.
Preloading 1 native plugins for Editor in 0.63 ms.
Mono: successfully reloaded assembly
- Completed reload, in  1.263 seconds
Domain Reload Profiling:
	ReloadAssembly (1264ms)
		BeginReloadAssembly (168ms)
			ExecutionOrderSort (0ms)
			DisableScriptedObjects (6ms)
			BackupInstance (0ms)
			ReleaseScriptingObjects (0ms)
			CreateAndSetChildDomain (74ms)
		EndReloadAssembly (967ms)
			LoadAssemblies (77ms)
			RebuildTransferFunctionScriptingTraits (0ms)
			SetupTypeCache (389ms)
			ReleaseScriptCaches (1ms)
			RebuildScriptCaches (55ms)
			SetupLoadedEditorAssemblies (349ms)
				LogAssemblyErrors (0ms)
				InitializePlatformSupportModulesInManaged (20ms)
				SetLoadedEditorAssemblies (1ms)
				RefreshPlugins (2ms)
				BeforeProcessingInitializeOnLoad (63ms)
				ProcessInitializeOnLoadAttributes (239ms)
				ProcessInitializeOnLoadMethodAttributes (23ms)
				AfterProcessingInitializeOnLoad (2ms)
				EditorAssembliesLoaded (0ms)
			ExecutionOrderSort2 (0ms)
			AwakeInstancesAfterBackupRestoration (4ms)
Platform modules already initialized, skipping
Refreshing native plugins compatible for Editor in 2.81 ms, found 3 plugins.
Preloading 1 native plugins for Editor in 0.44 ms.
Unloading 3397 Unused Serialized files (Serialized files now loaded: 0)
Unloading 30 unused Assets / (68.9 KB). Loaded Objects now: 3954.
Memory consumption went from 171.3 MB to 171.3 MB.
Total: 3.394425 ms (FindLiveObjects: 0.301149 ms CreateObjectMapping: 0.131353 ms MarkObjects: 2.824360 ms  DeleteObjects: 0.136436 ms)

AssetImportParameters requested are different than current active one (requested -> active):
  custom:video-decoder-ogg-theora: a1e56fd34408186e4bbccfd4996cb3dc -> 
  custom:container-muxer-webm: aa71ff27fc2769a1b78a27578f13a17b -> 
  custom:container-demuxer-webm: 4f35f7cbe854078d1ac9338744f61a02 -> 
  custom:video-encoder-webm-vp8: eb34c28f22e8b96e1ab97ce403110664 -> 
  custom:framework-osx-AVFoundation: b23960f63f64bdc6ff669e2cdcee2391 -> 
  custom:audio-encoder-webm-vorbis: bf7c407c2cedff20999df2af8eb42d56 -> 
  custom:container-demuxer-ogg: 62fdf1f143b41e24485cea50d1cbac27 -> 
  custom:video-decoder-webm-vp8: 9c59270c3fd7afecdb556c50c9e8de78 -> 
  custom:audio-decoder-ogg-vorbis: bf7c407c2cedff20999df2af8eb42d56 -> 
AssetImportWorkerClient::OnTransportError - code=2 error=End of file
